<?xml version="1.0" encoding="UTF-8"?>
<testsuite errors="0" failures="0" hostname="ostml0152880.bskyb.com" name="cucumber.examples.java.calculator.RunCukesTest" tests="0" time="0.418" timestamp="2012-02-17T15:41:37">
  <properties />
  <system-out><![CDATA[
org.junit.ComparisonFailure: expected:<[no]> but was:<[yes]>
	at org.junit.Assert.assertEquals(Assert.java:125)
	at org.junit.Assert.assertEquals(Assert.java:147)
	at cucumber.examples.java.calculator.DateStepdefs.the_result_should_be(DateStepdefs.java:28)
	at ?.Then the result should be no(cucumber/examples/java/calculator/date_calculator.feature:9)

]]></system-out>
  <system-err><![CDATA[]]></system-err>
</testsuite>
